[16:53:38] [main/INFO]: Setting user: Player384
[16:53:44] [main/WARN]: Skipping bad option: lastServer:
[16:53:44] [main/INFO]: LWJGL Version: 2.9.2
[16:53:48] [main/INFO]: Reloading ResourceManager: Default, FMLFileResourcePack:Forge Mod Loader, FMLFileResourcePack:Minecraft Forge, FMLFileResourcePack:Kai's Test Mod
[16:53:51] [Sound Library Loader/INFO]: Starting up SoundSystem...
[16:53:51] [Thread-4/INFO]: Initializing LWJGL OpenAL
[16:53:51] [Thread-4/INFO]: (The LWJGL binding of OpenAL.  For more information, see http://www.lwjgl.org)
[16:53:51] [Thread-4/INFO]: OpenAL initialized.
[16:53:51] [Sound Library Loader/INFO]: Sound engine started
[16:53:56] [main/INFO]: Created: 512x512 textures-atlas
[16:53:59] [main/WARN]: Skipping bad option: lastServer:
[16:54:00] [Realms Notification Availability checker #1/INFO]: Could not authorize you against Realms server: Invalid session id
[16:54:08] [Server thread/INFO]: Starting integrated minecraft server version 1.12.2
[16:54:08] [Server thread/INFO]: Generating keypair
[16:54:09] [Server thread/INFO]: Loaded 488 advancements
[16:54:09] [Server thread/INFO]: Preparing start region for level 0
[16:54:10] [Server thread/INFO]: Changing view distance to 12, from 10
[16:54:11] [Server thread/INFO]: Player384[local:E:a0fe026e] logged in with entity id 100 at (-535.5, 4.0, 1213.5)
[16:54:11] [Server thread/INFO]: Player384 joined the game
[16:54:12] [Server thread/INFO]: Saving and pausing game...
[16:54:12] [Server thread/INFO]: Saving chunks for level 'New World'/overworld
[16:54:12] [Server thread/INFO]: Saving chunks for level 'New World'/the_nether
[16:54:12] [Server thread/INFO]: Saving chunks for level 'New World'/the_end
[16:54:12] [pool-2-thread-1/WARN]: Couldn't look up profile properties for com.mojang.authlib.GameProfile@12011aa9[id=62db38a8-8d21-3d78-b638-e74e59f2520a,name=Player384,properties={},legacy=false]
com.mojang.authlib.exceptions.AuthenticationException: The client has sent too many requests within a certain amount of time
	at com.mojang.authlib.yggdrasil.YggdrasilAuthenticationService.makeRequest(YggdrasilAuthenticationService.java:79) ~[YggdrasilAuthenticationService.class:?]
	at com.mojang.authlib.yggdrasil.YggdrasilMinecraftSessionService.fillGameProfile(YggdrasilMinecraftSessionService.java:180) [YggdrasilMinecraftSessionService.class:?]
	at com.mojang.authlib.yggdrasil.YggdrasilMinecraftSessionService$1.load(YggdrasilMinecraftSessionService.java:60) [YggdrasilMinecraftSessionService$1.class:?]
	at com.mojang.authlib.yggdrasil.YggdrasilMinecraftSessionService$1.load(YggdrasilMinecraftSessionService.java:57) [YggdrasilMinecraftSessionService$1.class:?]
	at com.google.common.cache.LocalCache$LoadingValueReference.loadFuture(LocalCache.java:3716) [guava-21.0.jar:?]
	at com.google.common.cache.LocalCache$Segment.loadSync(LocalCache.java:2424) [guava-21.0.jar:?]
	at com.google.common.cache.LocalCache$Segment.lockedGetOrLoad(LocalCache.java:2298) [guava-21.0.jar:?]
	at com.google.common.cache.LocalCache$Segment.get(LocalCache.java:2211) [guava-21.0.jar:?]
	at com.google.common.cache.LocalCache.get(LocalCache.java:4154) [guava-21.0.jar:?]
	at com.google.common.cache.LocalCache.getOrLoad(LocalCache.java:4158) [guava-21.0.jar:?]
	at com.google.common.cache.LocalCache$LocalLoadingCache.get(LocalCache.java:5147) [guava-21.0.jar:?]
	at com.google.common.cache.LocalCache$LocalLoadingCache.getUnchecked(LocalCache.java:5153) [guava-21.0.jar:?]
	at com.mojang.authlib.yggdrasil.YggdrasilMinecraftSessionService.fillProfileProperties(YggdrasilMinecraftSessionService.java:170) [YggdrasilMinecraftSessionService.class:?]
	at net.minecraft.client.Minecraft.getProfileProperties(Minecraft.java:3188) [Minecraft.class:?]
	at net.minecraft.client.resources.SkinManager$3.run(SkinManager.java:138) [SkinManager$3.class:?]
	at java.util.concurrent.Executors$RunnableAdapter.call(Executors.java:511) [?:1.8.0_131]
	at java.util.concurrent.FutureTask.run(FutureTask.java:266) [?:1.8.0_131]
	at java.util.concurrent.ThreadPoolExecutor.runWorker(ThreadPoolExecutor.java:1142) [?:1.8.0_131]
	at java.util.concurrent.ThreadPoolExecutor$Worker.run(ThreadPoolExecutor.java:617) [?:1.8.0_131]
	at java.lang.Thread.run(Thread.java:748) [?:1.8.0_131]
[16:55:41] [Server thread/WARN]: Time ran backwards! Did the system time change?
[16:55:51] [main/WARN]: Unable to play empty soundEvent: minecraft:entity.small_slime.jump
[16:55:52] [main/WARN]: Unable to play empty soundEvent: minecraft:entity.small_slime.squish
[16:56:28] [main/INFO]: Loaded 9 advancements
[16:56:31] [main/INFO]: Loaded 29 advancements
[16:58:18] [Server thread/INFO]: Player384 has made the advancement [Monster Hunter]
[16:58:18] [main/INFO]: [CHAT] Player384 has made the advancement [Monster Hunter]
[16:58:18] [main/INFO]: Loaded 30 advancements
[16:59:09] [main/INFO]: Loaded 35 advancements
[16:59:45] [main/INFO]: Loaded 37 advancements
[17:02:55] [Server thread/INFO]: [Player384: Set the time to 1000]
[17:02:55] [main/INFO]: [CHAT] Set the time to 1000
[17:03:02] [main/WARN]: Received passengers for unknown entity
[17:03:49] [main/INFO]: Loaded 37 advancements
[17:04:01] [main/INFO]: Loaded 38 advancements
[17:04:19] [main/INFO]: Loaded 39 advancements
[17:04:49] [main/INFO]: Loaded 39 advancements
[17:06:48] [main/INFO]: Loaded 40 advancements
[17:08:39] [main/INFO]: Loaded 43 advancements
[17:10:31] [main/INFO]: Loaded 46 advancements
[17:10:49] [main/INFO]: Loaded 49 advancements
[17:13:37] [Server thread/INFO]: Player384 has made the advancement [Sweet dreams]
[17:13:37] [main/INFO]: [CHAT] Player384 has made the advancement [Sweet dreams]
[17:13:37] [main/INFO]: Loaded 49 advancements
[17:16:58] [Server thread/INFO]: Saving and pausing game...
[17:16:58] [Server thread/INFO]: Saving chunks for level 'New World'/overworld
[17:16:58] [Server thread/INFO]: Saving chunks for level 'New World'/the_nether
[17:16:58] [Server thread/INFO]: Saving chunks for level 'New World'/the_end
[17:17:00] [Server thread/INFO]: Stopping server
[17:17:00] [Server thread/INFO]: Saving players
[17:17:00] [Server thread/INFO]: Player384 lost connection: Disconnected
[17:17:00] [Server thread/INFO]: Player384 left the game
[17:17:00] [Server thread/INFO]: Stopping singleplayer server as player logged out
[17:17:00] [Server thread/INFO]: Saving worlds
[17:17:00] [Server thread/INFO]: Saving chunks for level 'New World'/overworld
[17:17:00] [Server thread/INFO]: Saving chunks for level 'New World'/the_nether
[17:17:00] [Server thread/INFO]: Saving chunks for level 'New World'/the_end
[21:33:12] [main/INFO]: Stopping!
[21:33:12] [main/INFO]: SoundSystem shutting down...
[21:33:12] [main/WARN]: Author: Paul Lamb, www.paulscode.com
